2023-01-04 21:35:14,083 [Worker-1: Loading available Gradle versions] INFO  o.e.b.c.i.u.g.PublishedGradleVersions - Gradle version information cache is up-to-date. Trying to read.
2023-01-04 21:35:35,098 [Worker-0: Loading available Gradle versions] INFO  o.e.b.c.i.u.g.PublishedGradleVersions - Gradle version information cache is up-to-date. Trying to read.
2023-01-04 21:35:59,807 [Worker-0: Loading available Gradle versions] INFO  o.e.b.c.i.u.g.PublishedGradleVersions - Gradle version information cache is up-to-date. Trying to read.
2023-01-04 21:45:49,719 [Worker-0: Loading available Gradle versions] INFO  o.e.b.c.i.u.g.PublishedGradleVersions - Gradle version information cache is up-to-date. Trying to read.
2023-01-04 21:47:37,710 [Worker-0: Loading available Gradle versions] INFO  o.e.b.c.i.u.g.PublishedGradleVersions - Gradle version information cache is up-to-date. Trying to read.
2023-01-04 21:51:54,182 [Worker-7: Importing Maven projects] INFO  o.e.m.c.i.l.LifecycleMappingFactory - Using org.eclipse.m2e.jdt.JarLifecycleMapping lifecycle mapping for MavenProject: com.lpg.qa:com.lpg.qa:0.0.1-SNAPSHOT @ C:\Users\YOGESH\eclipse-workspace\com.lpg.qa\com.lpg.qa\pom.xml.
2023-01-04 21:51:55,539 [Worker-7: Importing Maven projects] INFO  o.e.m.j.i.AbstractJavaProjectConfigurator - Adding source folder /com.lpg.qa/src/main/java
2023-01-04 21:51:55,541 [Worker-7: Importing Maven projects] INFO  o.e.m.j.i.AbstractJavaProjectConfigurator - Adding source folder /com.lpg.qa/src/test/java
2023-01-04 21:51:55,940 [Worker-7: Importing Maven projects] INFO  o.e.m.c.i.p.ProjectConfigurationManager - Imported and configured 1 project(s) in 8 sec
2023-01-04 21:52:03,016 [Worker-13: Building] INFO  o.e.m.c.i.embedder.EclipseLogger - Using 'UTF-8' encoding to copy filtered resources.
2023-01-04 21:52:03,017 [Worker-13: Building] INFO  o.e.m.c.i.embedder.EclipseLogger - skip non existing resourceDirectory C:\Users\YOGESH\eclipse-workspace\com.lpg.qa\com.lpg.qa\src\main\resources
2023-01-04 21:52:03,020 [Worker-13: Building] INFO  o.e.m.c.i.embedder.EclipseLogger - Using 'UTF-8' encoding to copy filtered resources.
2023-01-04 21:52:03,021 [Worker-13: Building] INFO  o.e.m.c.i.embedder.EclipseLogger - skip non existing resourceDirectory C:\Users\YOGESH\eclipse-workspace\com.lpg.qa\com.lpg.qa\src\test\resources
2023-01-04 21:52:39,972 [Worker-14: Building] INFO  o.e.m.c.i.embedder.EclipseLogger - Using 'UTF-8' encoding to copy filtered resources.
2023-01-04 21:52:39,973 [Worker-14: Building] INFO  o.e.m.c.i.embedder.EclipseLogger - skip non existing resourceDirectory C:\Users\YOGESH\eclipse-workspace\com.lpg.qa\com.lpg.qa\src\main\resources
2023-01-04 21:52:39,976 [Worker-14: Building] INFO  o.e.m.c.i.embedder.EclipseLogger - Using 'UTF-8' encoding to copy filtered resources.
2023-01-04 21:52:39,977 [Worker-14: Building] INFO  o.e.m.c.i.embedder.EclipseLogger - skip non existing resourceDirectory C:\Users\YOGESH\eclipse-workspace\com.lpg.qa\com.lpg.qa\src\test\resources
2023-01-04 21:54:23,699 [main] INFO  o.e.m.c.i.l.LifecycleMappingFactory - Using org.eclipse.m2e.jdt.JarLifecycleMapping lifecycle mapping for MavenProject: com.lpg.qa:com.lpg.qa:0.0.1-SNAPSHOT @ C:\Users\YOGESH\eclipse-workspace\com.lpg.qa\com.lpg.qa\pom.xml.
2023-01-04 21:54:43,883 [Worker-12: Building] INFO  o.e.m.c.i.embedder.EclipseLogger - Using 'UTF-8' encoding to copy filtered resources.
2023-01-04 21:54:43,884 [Worker-12: Building] INFO  o.e.m.c.i.embedder.EclipseLogger - skip non existing resourceDirectory C:\Users\YOGESH\eclipse-workspace\com.lpg.qa\com.lpg.qa\src\main\resources
2023-01-04 21:54:43,885 [Worker-12: Building] INFO  o.e.m.c.i.embedder.EclipseLogger - Using 'UTF-8' encoding to copy filtered resources.
2023-01-04 21:54:43,886 [Worker-12: Building] INFO  o.e.m.c.i.embedder.EclipseLogger - skip non existing resourceDirectory C:\Users\YOGESH\eclipse-workspace\com.lpg.qa\com.lpg.qa\src\test\resources
2023-01-04 21:55:59,183 [Worker-12: Building] INFO  o.e.m.c.i.embedder.EclipseLogger - Using 'UTF-8' encoding to copy filtered resources.
2023-01-04 21:55:59,185 [Worker-12: Building] INFO  o.e.m.c.i.embedder.EclipseLogger - skip non existing resourceDirectory C:\Users\YOGESH\eclipse-workspace\com.lpg.qa\com.lpg.qa\src\main\resources
2023-01-04 21:55:59,188 [Worker-12: Building] INFO  o.e.m.c.i.embedder.EclipseLogger - Using 'UTF-8' encoding to copy filtered resources.
2023-01-04 21:55:59,189 [Worker-12: Building] INFO  o.e.m.c.i.embedder.EclipseLogger - skip non existing resourceDirectory C:\Users\YOGESH\eclipse-workspace\com.lpg.qa\com.lpg.qa\src\test\resources
2023-01-04 21:57:45,064 [Worker-18: Building] INFO  o.e.m.c.i.embedder.EclipseLogger - Using 'UTF-8' encoding to copy filtered resources.
2023-01-04 21:57:45,065 [Worker-18: Building] INFO  o.e.m.c.i.embedder.EclipseLogger - skip non existing resourceDirectory C:\Users\YOGESH\eclipse-workspace\com.lpg.qa\com.lpg.qa\src\main\resources
2023-01-04 21:57:45,066 [Worker-18: Building] INFO  o.e.m.c.i.embedder.EclipseLogger - Using 'UTF-8' encoding to copy filtered resources.
2023-01-04 21:57:45,066 [Worker-18: Building] INFO  o.e.m.c.i.embedder.EclipseLogger - skip non existing resourceDirectory C:\Users\YOGESH\eclipse-workspace\com.lpg.qa\com.lpg.qa\src\test\resources
2023-01-04 21:57:54,618 [Worker-12: Building] INFO  o.e.m.c.i.embedder.EclipseLogger - Using 'UTF-8' encoding to copy filtered resources.
2023-01-04 21:57:54,620 [Worker-12: Building] INFO  o.e.m.c.i.embedder.EclipseLogger - skip non existing resourceDirectory C:\Users\YOGESH\eclipse-workspace\com.lpg.qa\com.lpg.qa\src\main\resources
2023-01-04 21:57:54,622 [Worker-12: Building] INFO  o.e.m.c.i.embedder.EclipseLogger - Using 'UTF-8' encoding to copy filtered resources.
2023-01-04 21:57:54,622 [Worker-12: Building] INFO  o.e.m.c.i.embedder.EclipseLogger - skip non existing resourceDirectory C:\Users\YOGESH\eclipse-workspace\com.lpg.qa\com.lpg.qa\src\test\resources
2023-01-04 21:58:51,585 [Worker-18: Building] INFO  o.e.m.c.i.embedder.EclipseLogger - Using 'UTF-8' encoding to copy filtered resources.
2023-01-04 21:58:51,586 [Worker-18: Building] INFO  o.e.m.c.i.embedder.EclipseLogger - skip non existing resourceDirectory C:\Users\YOGESH\eclipse-workspace\com.lpg.qa\com.lpg.qa\src\main\resources
2023-01-04 21:58:51,590 [Worker-18: Building] INFO  o.e.m.c.i.embedder.EclipseLogger - Using 'UTF-8' encoding to copy filtered resources.
2023-01-04 21:58:51,591 [Worker-18: Building] INFO  o.e.m.c.i.embedder.EclipseLogger - skip non existing resourceDirectory C:\Users\YOGESH\eclipse-workspace\com.lpg.qa\com.lpg.qa\src\test\resources
2023-01-04 22:00:49,592 [Worker-19: Building] INFO  o.e.m.c.i.embedder.EclipseLogger - Using 'UTF-8' encoding to copy filtered resources.
2023-01-04 22:00:49,593 [Worker-19: Building] INFO  o.e.m.c.i.embedder.EclipseLogger - skip non existing resourceDirectory C:\Users\YOGESH\eclipse-workspace\com.lpg.qa\com.lpg.qa\src\main\resources
2023-01-04 22:00:49,601 [Worker-19: Building] INFO  o.e.m.c.i.embedder.EclipseLogger - Using 'UTF-8' encoding to copy filtered resources.
2023-01-04 22:00:49,601 [Worker-19: Building] INFO  o.e.m.c.i.embedder.EclipseLogger - skip non existing resourceDirectory C:\Users\YOGESH\eclipse-workspace\com.lpg.qa\com.lpg.qa\src\test\resources
2023-01-04 22:01:58,795 [Worker-17: Building] INFO  o.e.m.c.i.embedder.EclipseLogger - Using 'UTF-8' encoding to copy filtered resources.
2023-01-04 22:01:58,795 [Worker-17: Building] INFO  o.e.m.c.i.embedder.EclipseLogger - skip non existing resourceDirectory C:\Users\YOGESH\eclipse-workspace\com.lpg.qa\com.lpg.qa\src\main\resources
2023-01-04 22:01:58,797 [Worker-17: Building] INFO  o.e.m.c.i.embedder.EclipseLogger - Using 'UTF-8' encoding to copy filtered resources.
2023-01-04 22:01:58,797 [Worker-17: Building] INFO  o.e.m.c.i.embedder.EclipseLogger - skip non existing resourceDirectory C:\Users\YOGESH\eclipse-workspace\com.lpg.qa\com.lpg.qa\src\test\resources
2023-01-04 22:02:51,970 [Worker-19: Building] INFO  o.e.m.c.i.embedder.EclipseLogger - Using 'UTF-8' encoding to copy filtered resources.
2023-01-04 22:02:51,970 [Worker-19: Building] INFO  o.e.m.c.i.embedder.EclipseLogger - skip non existing resourceDirectory C:\Users\YOGESH\eclipse-workspace\com.lpg.qa\com.lpg.qa\src\main\resources
2023-01-04 22:02:51,971 [Worker-19: Building] INFO  o.e.m.c.i.embedder.EclipseLogger - Using 'UTF-8' encoding to copy filtered resources.
2023-01-04 22:02:51,972 [Worker-19: Building] INFO  o.e.m.c.i.embedder.EclipseLogger - skip non existing resourceDirectory C:\Users\YOGESH\eclipse-workspace\com.lpg.qa\com.lpg.qa\src\test\resources
2023-01-04 22:03:16,216 [Worker-12: Building] INFO  o.e.m.c.i.embedder.EclipseLogger - Using 'UTF-8' encoding to copy filtered resources.
2023-01-04 22:03:16,217 [Worker-12: Building] INFO  o.e.m.c.i.embedder.EclipseLogger - skip non existing resourceDirectory C:\Users\YOGESH\eclipse-workspace\com.lpg.qa\com.lpg.qa\src\main\resources
2023-01-04 22:03:16,219 [Worker-12: Building] INFO  o.e.m.c.i.embedder.EclipseLogger - Using 'UTF-8' encoding to copy filtered resources.
2023-01-04 22:03:16,219 [Worker-12: Building] INFO  o.e.m.c.i.embedder.EclipseLogger - skip non existing resourceDirectory C:\Users\YOGESH\eclipse-workspace\com.lpg.qa\com.lpg.qa\src\test\resources
2023-01-04 22:06:24,493 [Worker-0: Loading available Gradle versions] INFO  o.e.b.c.i.u.g.PublishedGradleVersions - Gradle version information cache is up-to-date. Trying to read.
2023-01-04 22:06:56,120 [Worker-0: Loading available Gradle versions] INFO  o.e.b.c.i.u.g.PublishedGradleVersions - Gradle version information cache is up-to-date. Trying to read.
2023-01-04 22:42:11,465 [Worker-1: Loading available Gradle versions] INFO  o.e.b.c.i.u.g.PublishedGradleVersions - Gradle version information cache is up-to-date. Trying to read.
2023-01-04 22:42:51,391 [Worker-0: Loading available Gradle versions] INFO  o.e.b.c.i.u.g.PublishedGradleVersions - Gradle version information cache is up-to-date. Trying to read.
2023-01-06 09:47:08,243 [Worker-0: Loading available Gradle versions] INFO  o.e.b.c.i.u.g.PublishedGradleVersions - Gradle version information cache is up-to-date. Trying to read.
